c:\users\user\source\repos\searchsystem\debug\vc142.pdb
c:\users\user\source\repos\searchsystem\debug\vc142.idb
c:\users\user\source\repos\searchsystem\debug\search_server.obj
c:\users\user\source\repos\searchsystem\debug\parse.obj
c:\users\user\source\repos\searchsystem\debug\main.obj
c:\users\user\source\repos\searchsystem\debug\source.obj
c:\users\user\source\repos\searchsystem\debug\save.obj
c:\users\user\source\repos\searchsystem\debug\searchsystem.tlog\cl.command.1.tlog
c:\users\user\source\repos\searchsystem\debug\searchsystem.tlog\cl.read.1.tlog
c:\users\user\source\repos\searchsystem\debug\searchsystem.tlog\cl.write.1.tlog
c:\users\user\source\repos\searchsystem\debug\searchsystem.tlog\link-cvtres.read.1.tlog
c:\users\user\source\repos\searchsystem\debug\searchsystem.tlog\link-cvtres.write.1.tlog
c:\users\user\source\repos\searchsystem\debug\searchsystem.tlog\link-rc.read.1.tlog
c:\users\user\source\repos\searchsystem\debug\searchsystem.tlog\link-rc.write.1.tlog
c:\users\user\source\repos\searchsystem\debug\searchsystem.tlog\link.8372-cvtres.read.1.tlog
c:\users\user\source\repos\searchsystem\debug\searchsystem.tlog\link.8372-cvtres.write.1.tlog
c:\users\user\source\repos\searchsystem\debug\searchsystem.tlog\link.8372-rc.read.1.tlog
c:\users\user\source\repos\searchsystem\debug\searchsystem.tlog\link.8372-rc.write.1.tlog
c:\users\user\source\repos\searchsystem\debug\searchsystem.tlog\link.8372.read.1.tlog
c:\users\user\source\repos\searchsystem\debug\searchsystem.tlog\link.8372.write.1.tlog
c:\users\user\source\repos\searchsystem\debug\searchsystem.tlog\link.command.1.tlog
c:\users\user\source\repos\searchsystem\debug\searchsystem.tlog\link.read.1.tlog
c:\users\user\source\repos\searchsystem\debug\searchsystem.tlog\link.write.1.tlog
